{
  "/home/lderdzyan/Desktop/clientSideHooksTest/src/project.ts": {
    "path": "/home/lderdzyan/Desktop/clientSideHooksTest/src/project.ts",
    "statementMap": {
      "0": {
        "start": { "line": 1, "column": 0 },
        "end": { "line": 1, "column": 16 }
      },
      "1": {
        "start": { "line": 5, "column": 0 },
        "end": { "line": 5, "column": 16 }
      },
      "2": {
        "start": { "line": 2, "column": 2 },
        "end": { "line": 2, "column": 15 }
      },
      "3": {
        "start": { "line": 6, "column": 2 },
        "end": { "line": 6, "column": 56 }
      },
      "4": {
        "start": { "line": 6, "column": 15 },
        "end": { "line": 6, "column": 56 }
      },
      "5": {
        "start": { "line": 7, "column": 2 },
        "end": { "line": 7, "column": 15 }
      }
    },
    "fnMap": {
      "0": {
        "name": "add",
        "decl": {
          "start": { "line": 1, "column": 16 },
          "end": { "line": 1, "column": 19 }
        },
        "loc": {
          "start": { "line": 1, "column": 40 },
          "end": { "line": 3, "column": 1 }
        }
      },
      "1": {
        "name": "divide",
        "decl": {
          "start": { "line": 5, "column": 16 },
          "end": { "line": 5, "column": 22 }
        },
        "loc": {
          "start": { "line": 5, "column": 43 },
          "end": { "line": 8, "column": 1 }
        }
      }
    },
    "branchMap": {
      "0": {
        "loc": {
          "start": { "line": 6, "column": 2 },
          "end": { "line": 6, "column": 56 }
        },
        "type": "if",
        "locations": [
          {
            "start": { "line": 6, "column": 2 },
            "end": { "line": 6, "column": 56 }
          },
          { "start": {}, "end": {} }
        ]
      }
    },
    "s": { "0": 1, "1": 1, "2": 1, "3": 2, "4": 1, "5": 1 },
    "f": { "0": 1, "1": 2 },
    "b": { "0": [1, 1] }
  }
}
